<?xml version="1.0" encoding="UTF-8"?>
<!-- Generated by org.testng.reporters.JUnitReportReporter -->
<testsuite hostname="LAPTOP-A3F9S563" failures="0" tests="2" name="testcase.TC001getreq" time="0.021" errors="0" timestamp="2020-10-06T20:56:03 IST" skipped="0">
  <testcase classname="testcase.TC001getreq" name="checkContentType" time="0.016"/>
  <system-out/>
  <testcase classname="testcase.TC001getreq" name="checkResponseTime" time="0.005"/>
  <system-out/>
</testsuite> <!-- testcase.TC001getreq -->
