<?xml version="1.0" encoding="UTF-8"?>
<!-- Generated by org.testng.reporters.JUnitReportReporter -->
<testsuite hostname="LAPTOP-A3F9S563" failures="0" tests="4" name="testcase.Request2" time="0.606" errors="0" timestamp="2020-10-10T19:44:44 IST" skipped="1">
  <testcase classname="testcase.Request2" name="checkdata" time="0.602"/>
  <system-out/>
  <testcase classname="testcase.Request2" name="printheader" time="0.002"/>
  <system-out/>
  <testcase classname="testcase.Request2" name="checkstatuscode" time="0.002"/>
  <system-out/>
  <testcase classname="testcase.Request2" name="checktime">
    <skipped/>
  </testcase> <!-- checktime -->
  <system-out/>
</testsuite> <!-- testcase.Request2 -->
