<?xml version="1.0" encoding="UTF-8"?>
<!-- Generated by org.testng.reporters.JUnitReportReporter -->
<testsuite hostname="LAPTOP-A3F9S563" failures="0" tests="3" name="testcase.TC001getreq" time="0.008" errors="0" timestamp="2020-10-10T19:44:44 IST" skipped="0">
  <testcase classname="testcase.TC001getreq" name="checkContentType" time="0.006"/>
  <system-out/>
  <testcase classname="testcase.TC001getreq" name="checkid" time="0.001"/>
  <system-out/>
  <testcase classname="testcase.TC001getreq" name="checkResponseTime" time="0.001"/>
  <system-out/>
</testsuite> <!-- testcase.TC001getreq -->
