<?xml version="1.0" encoding="UTF-8"?>
<!-- Generated by org.testng.reporters.JUnitReportReporter -->
<testsuite hostname="LAPTOP-A3F9S563" failures="0" tests="2" name="testcase.xmlreq" time="1.241" errors="0" timestamp="2020-10-10T19:44:44 IST" skipped="0">
  <testcase classname="testcase.xmlreq" name="validate" time="0.190"/>
  <system-out/>
  <testcase classname="testcase.xmlreq" name="buildRequest" time="1.051"/>
  <system-out/>
</testsuite> <!-- testcase.xmlreq -->
